<?xml version="1.0" encoding="UTF-8"?>
<!-- Generated by org.testng.reporters.JUnitXMLReporter -->
<testsuite ignored="5" hostname="LAPTOP-6UNA8P7R" failures="2" tests="11" name="Regression" time="0.174" errors="0" timestamp="2023-09-27T16:20:34 EDT">
  <testcase classname="org.TestNgProjects.testDemo1" name="secondTest" time="0.006"/>
  <testcase classname="org.TestNgProjects.testDemo1" name="secondTest2" time="0.002"/>
  <testcase classname="org.TestNgProjects.testDemo2" name="fourthTest" time="0.0">
    <failure type="org.testng.TestNGException" message="
Parameter &amp;apos;URL&amp;apos; is required by @Test on method fourthTest but has not been marked @Optional or defined
in C:\Users\Owner\eclipse-AppiumProject\TestNgProjects\testngSmoke.xml">
      <![CDATA[org.testng.TestNGException: 
Parameter 'URL' is required by @Test on method fourthTest but has not been marked @Optional or defined
in C:\Users\Owner\eclipse-AppiumProject\TestNgProjects\testngSmoke.xml
at java.base/java.util.ArrayList.forEach(ArrayList.java:1511)
... Removed 26 stack frames]]>
    </failure>
  </testcase> <!-- fourthTest -->
  <testcase classname="org.TestNgProjects.testDemo3" name="MobileloginCarLoan2" time="0.016"/>
  <testcase classname="org.TestNgProjects.testDemo3" name="WebloginCarLoan" time="0.003"/>
  <testcase classname="org.TestNgProjects.testDemo3" name="WebloginCarLoan2" time="0.003"/>
  <testcase classname="org.TestNgProjects.testDemo3" name="WebloginCarLoan2" time="0.005"/>
  <testcase classname="org.TestNgProjects.testDemo3" name="WebloginCarLoan2" time="0.002"/>
  <testcase classname="org.TestNgProjects.testDemo3" name="LoginAPiCarLoan" time="0.002"/>
  <testcase classname="org.TestNgProjects.testDemo4" name="MobileloginHomeLoan" time="0.001"/>
  <testcase classname="org.TestNgProjects.testDemo4" name="WebloginHomeLoan" time="0.0">
    <failure type="org.testng.TestNGException" message="
Parameter &amp;apos;URL&amp;apos; is required by @Test on method WebloginHomeLoan but has not been marked @Optional or defined
in C:\Users\Owner\eclipse-AppiumProject\TestNgProjects\testngSmoke.xml">
      <![CDATA[org.testng.TestNGException: 
Parameter 'URL' is required by @Test on method WebloginHomeLoan but has not been marked @Optional or defined
in C:\Users\Owner\eclipse-AppiumProject\TestNgProjects\testngSmoke.xml
at java.base/java.util.ArrayList.forEach(ArrayList.java:1511)
... Removed 26 stack frames]]>
    </failure>
  </testcase> <!-- WebloginHomeLoan -->
  <testcase classname="org.TestNgProjects.testDemo3" name="MobileloginCarLoan3" time="0.0">
    <ignored/>
  </testcase> <!-- MobileloginCarLoan3 -->
  <testcase classname="org.TestNgProjects.testDemo4" name="LoginAPiHomeLoan" time="0.0">
    <ignored/>
  </testcase> <!-- LoginAPiHomeLoan -->
  <testcase classname="org.TestNgProjects.testDemo2" name="thirdTest" time="0.0">
    <ignored/>
  </testcase> <!-- thirdTest -->
  <testcase classname="org.TestNgProjects.testDemo3" name="MobileloginCarLoan" time="0.0">
    <ignored/>
  </testcase> <!-- MobileloginCarLoan -->
  <testcase classname="org.TestNgProjects.testDemo1" name="firstTest" time="0.0">
    <ignored/>
  </testcase> <!-- firstTest -->
</testsuite> <!-- Regression -->
